Using pre-set license
Built from '2022.3/staging' branch; Version is '2022.3.1f1 (f18e0c1b5784) revision 15830540'; Using compiler version '192829333'; Build Type 'Release'
OS: 'Windows 11  (10.0.22621) 64bit CoreSingleLanguage' Language: 'en' Physical Memory: 32175 MB
BatchMode: 1, IsHumanControllingUs: 0, StartBugReporterOnCrash: 0, Is64bit: 1, IsPro: 1

COMMAND LINE ARGUMENTS:
C:\Program Files\Unity\Hub\Editor\2022.3.1f1\Editor\Unity.exe
-adb2
-batchMode
-noUpm
-name
AssetImportWorker0
-projectPath
D:/UnityProject/SuratechGame/Suratechproject
-logFile
Logs/AssetImportWorker0.log
-srvPort
52976
Successfully changed project path to: D:/UnityProject/SuratechGame/Suratechproject
D:/UnityProject/SuratechGame/Suratechproject
[UnityMemory] Configuration Parameters - Can be set up in boot.config
    "memorysetup-bucket-allocator-granularity=16"
    "memorysetup-bucket-allocator-bucket-count=8"
    "memorysetup-bucket-allocator-block-size=33554432"
    "memorysetup-bucket-allocator-block-count=8"
    "memorysetup-main-allocator-block-size=16777216"
    "memorysetup-thread-allocator-block-size=16777216"
    "memorysetup-gfx-main-allocator-block-size=16777216"
    "memorysetup-gfx-thread-allocator-block-size=16777216"
    "memorysetup-cache-allocator-block-size=4194304"
    "memorysetup-typetree-allocator-block-size=2097152"
    "memorysetup-profiler-bucket-allocator-granularity=16"
    "memorysetup-profiler-bucket-allocator-bucket-count=8"
    "memorysetup-profiler-bucket-allocator-block-size=33554432"
    "memorysetup-profiler-bucket-allocator-block-count=8"
    "memorysetup-profiler-allocator-block-size=16777216"
    "memorysetup-profiler-editor-allocator-block-size=1048576"
    "memorysetup-temp-allocator-size-main=16777216"
    "memorysetup-job-temp-allocator-block-size=2097152"
    "memorysetup-job-temp-allocator-block-size-background=1048576"
    "memorysetup-job-temp-allocator-reduction-small-platforms=262144"
    "memorysetup-allocator-temp-initial-block-size-main=262144"
    "memorysetup-allocator-temp-initial-block-size-worker=262144"
    "memorysetup-temp-allocator-size-background-worker=32768"
    "memorysetup-temp-allocator-size-job-worker=262144"
    "memorysetup-temp-allocator-size-preload-manager=33554432"
    "memorysetup-temp-allocator-size-nav-mesh-worker=65536"
    "memorysetup-temp-allocator-size-audio-worker=65536"
    "memorysetup-temp-allocator-size-cloud-worker=32768"
    "memorysetup-temp-allocator-size-gi-baking-worker=262144"
    "memorysetup-temp-allocator-size-gfx=262144"
Player connection [4136] Host "[IP] 10.42.199.124 [Port] 0 [Flags] 2 [Guid] 902891341 [EditorId] 902891341 [Version] 1048832 [Id] WindowsEditor(7,MuuPC) [Debug] 1 [PackageName] WindowsEditor [ProjectName] Editor" joined multi-casting on [225.0.0.222:54997]...

Player connection [4136] Host "[IP] 10.42.199.124 [Port] 0 [Flags] 2 [Guid] 902891341 [EditorId] 902891341 [Version] 1048832 [Id] WindowsEditor(7,MuuPC) [Debug] 1 [PackageName] WindowsEditor [ProjectName] Editor" joined alternative multi-casting on [225.0.0.222:34997]...

Refreshing native plugins compatible for Editor in 9.04 ms, found 4 plugins.
Preloading 0 native plugins for Editor in 0.00 ms.
Initialize engine version: 2022.3.1f1 (f18e0c1b5784)
[Subsystems] Discovering subsystems at path C:/Program Files/Unity/Hub/Editor/2022.3.1f1/Editor/Data/Resources/UnitySubsystems
[Subsystems] Discovering subsystems at path D:/UnityProject/SuratechGame/Suratechproject/Assets
GfxDevice: creating device client; threaded=0; jobified=0
Direct3D:
    Version:  Direct3D 11.0 [level 11.1]
    Renderer: NVIDIA GeForce RTX 3060 Laptop GPU (ID=0x2520)
    Vendor:   NVIDIA
    VRAM:     6009 MB
    Driver:   31.0.15.3179
Initialize mono
Mono path[0] = 'C:/Program Files/Unity/Hub/Editor/2022.3.1f1/Editor/Data/Managed'
Mono path[1] = 'C:/Program Files/Unity/Hub/Editor/2022.3.1f1/Editor/Data/MonoBleedingEdge/lib/mono/unityjit-win32'
Mono config path = 'C:/Program Files/Unity/Hub/Editor/2022.3.1f1/Editor/Data/MonoBleedingEdge/etc'
Using monoOptions --debugger-agent=transport=dt_socket,embedding=1,server=y,suspend=n,address=127.0.0.1:56896
Begin MonoManager ReloadAssembly
Registering precompiled unity dll's ...
Register platform support module: C:/Program Files/Unity/Hub/Editor/2022.3.1f1/Editor/Data/PlaybackEngines/WebGLSupport/UnityEditor.WebGL.Extensions.dll
Register platform support module: C:/Program Files/Unity/Hub/Editor/2022.3.1f1/Editor/Data/PlaybackEngines/iOSSupport/UnityEditor.iOS.Extensions.dll
Register platform support module: C:/Program Files/Unity/Hub/Editor/2022.3.1f1/Editor/Data/PlaybackEngines/WindowsStandaloneSupport/UnityEditor.WindowsStandalone.Extensions.dll
Registered in 0.010599 seconds.
- Loaded All Assemblies, in  0.416 seconds
Native extension for WindowsStandalone target not found
[usbmuxd] Start listen thread
[usbmuxd] Listen thread started
Native extension for iOS target not found
Native extension for WebGL target not found
Mono: successfully reloaded assembly
- Finished resetting the current domain, in  0.357 seconds
Domain Reload Profiling: 770ms
	BeginReloadAssembly (102ms)
		ExecutionOrderSort (0ms)
		DisableScriptedObjects (0ms)
		BackupInstance (0ms)
		ReleaseScriptingObjects (0ms)
		CreateAndSetChildDomain (1ms)
	RebuildCommonClasses (44ms)
	RebuildNativeTypeToScriptingClass (11ms)
	initialDomainReloadingComplete (82ms)
	LoadAllAssembliesAndSetupDomain (174ms)
		LoadAssemblies (99ms)
		RebuildTransferFunctionScriptingTraits (0ms)
		AnalyzeDomain (166ms)
			TypeCache.Refresh (165ms)
				TypeCache.ScanAssembly (151ms)
			ScanForSourceGeneratedMonoScriptInfo (0ms)
			ResolveRequiredComponents (1ms)
	FinalizeReload (358ms)
		ReleaseScriptCaches (0ms)
		RebuildScriptCaches (0ms)
		SetupLoadedEditorAssemblies (280ms)
			LogAssemblyErrors (0ms)
			InitializePlatformSupportModulesInManaged (36ms)
			SetLoadedEditorAssemblies (7ms)
			RefreshPlugins (0ms)
			BeforeProcessingInitializeOnLoad (3ms)
			ProcessInitializeOnLoadAttributes (170ms)
			ProcessInitializeOnLoadMethodAttributes (64ms)
			AfterProcessingInitializeOnLoad (0ms)
			EditorAssembliesLoaded (0ms)
		ExecutionOrderSort2 (0ms)
		AwakeInstancesAfterBackupRestoration (0ms)
========================================================================
Worker process is ready to serve import requests
Begin MonoManager ReloadAssembly
Symbol file LoadedFromMemory doesn't match image D:\UnityProject\SuratechGame\Suratechproject\Library\PackageCache\com.unity.visualscripting@1.8.0\Editor\VisualScripting.Core\Dependencies\YamlDotNet\Unity.VisualScripting.YamlDotNet.dll
Symbol file LoadedFromMemory doesn't match image D:\UnityProject\SuratechGame\Suratechproject\Library\PackageCache\com.unity.visualscripting@1.8.0\Editor\VisualScripting.Core\Dependencies\DotNetZip\Unity.VisualScripting.IonicZip.dll
- Loaded All Assemblies, in  0.940 seconds
Refreshing native plugins compatible for Editor in 3.91 ms, found 4 plugins.
Native extension for WindowsStandalone target not found
Native extension for iOS target not found
Native extension for WebGL target not found
Mono: successfully reloaded assembly
- Finished resetting the current domain, in  0.821 seconds
Domain Reload Profiling: 1759ms
	BeginReloadAssembly (151ms)
		ExecutionOrderSort (0ms)
		DisableScriptedObjects (6ms)
		BackupInstance (0ms)
		ReleaseScriptingObjects (0ms)
		CreateAndSetChildDomain (31ms)
	RebuildCommonClasses (45ms)
	RebuildNativeTypeToScriptingClass (16ms)
	initialDomainReloadingComplete (54ms)
	LoadAllAssembliesAndSetupDomain (671ms)
		LoadAssemblies (330ms)
		RebuildTransferFunctionScriptingTraits (0ms)
		AnalyzeDomain (412ms)
			TypeCache.Refresh (368ms)
				TypeCache.ScanAssembly (350ms)
			ScanForSourceGeneratedMonoScriptInfo (32ms)
			ResolveRequiredComponents (12ms)
	FinalizeReload (822ms)
		ReleaseScriptCaches (0ms)
		RebuildScriptCaches (0ms)
		SetupLoadedEditorAssemblies (589ms)
			LogAssemblyErrors (0ms)
			InitializePlatformSupportModulesInManaged (27ms)
			SetLoadedEditorAssemblies (6ms)
			RefreshPlugins (0ms)
			BeforeProcessingInitializeOnLoad (104ms)
			ProcessInitializeOnLoadAttributes (346ms)
			ProcessInitializeOnLoadMethodAttributes (99ms)
			AfterProcessingInitializeOnLoad (7ms)
			EditorAssembliesLoaded (0ms)
		ExecutionOrderSort2 (0ms)
		AwakeInstancesAfterBackupRestoration (6ms)
Launched and connected shader compiler UnityShaderCompiler.exe after 0.06 seconds
Refreshing native plugins compatible for Editor in 4.47 ms, found 4 plugins.
Preloading 0 native plugins for Editor in 0.00 ms.
Unloading 5565 Unused Serialized files (Serialized files now loaded: 0)
Unloading 99 unused Assets / (0.9 MB). Loaded Objects now: 6016.
Memory consumption went from 213.9 MB to 213.0 MB.
Total: 6.447600 ms (FindLiveObjects: 1.004700 ms CreateObjectMapping: 0.836600 ms MarkObjects: 3.977800 ms  DeleteObjects: 0.627000 ms)

AssetImportParameters requested are different than current active one (requested -> active):
  custom:container-demuxer-ogg: 62fdf1f143b41e24485cea50d1cbac27 -> 
  custom:video-codec-MediaFoundation-h265: 746d11721c4dcdbdad8f713fa42b33f4 -> 
  custom:video-decoder-ogg-theora: a1e56fd34408186e4bbccfd4996cb3dc -> 
  custom:framework-win-MediaFoundation: 216162199b28c13a410421893ffa2e32 -> 
  custom:container-demuxer-webm: 4f35f7cbe854078d1ac9338744f61a02 -> 
  custom:container-muxer-webm: aa71ff27fc2769a1b78a27578f13a17b -> 
  custom:video-decoder-webm-vp8: 9c59270c3fd7afecdb556c50c9e8de78 -> 
  custom:AudioImporter_EditorPlatform: d09bf68614088b80899f8185d706f6e7 -> 
  custom:video-encoder-webm-vp8: eb34c28f22e8b96e1ab97ce403110664 -> 
  custom:audio-decoder-ogg-vorbis: bf7c407c2cedff20999df2af8eb42d56 -> 
  custom:audio-encoder-webm-vorbis: bf7c407c2cedff20999df2af8eb42d56 -> 
========================================================================
Received Import Request.
  Time since last request: 6300.302794 seconds.
  path: Assets/_Scenes/Choices_S11/S_11.unity
  artifactKey: Guid(b74536a6758e02c4586abe1ff98dcf02) Importer(815301076,1909f56bfc062723c751e8b465ee728b)
Start importing Assets/_Scenes/Choices_S11/S_11.unity using Guid(b74536a6758e02c4586abe1ff98dcf02) Importer(815301076,1909f56bfc062723c751e8b465ee728b)  -> (artifact id: '35cf55e5d26c23a70683fdae793436b4') in 0.002815 seconds
Number of updated asset objects reloaded before import = 0
Number of asset objects unloaded after import = 0
========================================================================
Received Import Request.
  Time since last request: 0.969028 seconds.
  path: Assets/_Scenes/Choices_S11/S_10_02.unity
  artifactKey: Guid(da238134d50999d4f98f313edb6804d9) Importer(815301076,1909f56bfc062723c751e8b465ee728b)
Start importing Assets/_Scenes/Choices_S11/S_10_02.unity using Guid(da238134d50999d4f98f313edb6804d9) Importer(815301076,1909f56bfc062723c751e8b465ee728b)  -> (artifact id: '5af198b646adba782001dd91fc77454c') in 0.000749 seconds
Number of updated asset objects reloaded before import = 0
Number of asset objects unloaded after import = 0
========================================================================
Received Import Request.
  Time since last request: 0.764646 seconds.
  path: Assets/_Scenes/Choices_S11/S_10_01.unity
  artifactKey: Guid(877eb16baba73dc468770bb741a9fd5b) Importer(815301076,1909f56bfc062723c751e8b465ee728b)
Start importing Assets/_Scenes/Choices_S11/S_10_01.unity using Guid(877eb16baba73dc468770bb741a9fd5b) Importer(815301076,1909f56bfc062723c751e8b465ee728b)  -> (artifact id: '1444e022866ed782a8f8af8b3ba69f34') in 0.000517 seconds
Number of updated asset objects reloaded before import = 0
Number of asset objects unloaded after import = 0
========================================================================
Received Import Request.
  Time since last request: 3.406586 seconds.
  path: Assets/_Scenes/Choices_S11/S_11_01.unity
  artifactKey: Guid(877eb16baba73dc468770bb741a9fd5b) Importer(815301076,1909f56bfc062723c751e8b465ee728b)
Start importing Assets/_Scenes/Choices_S11/S_11_01.unity using Guid(877eb16baba73dc468770bb741a9fd5b) Importer(815301076,1909f56bfc062723c751e8b465ee728b)  -> (artifact id: '7d034e02c60e86e2345d43123233b789') in 0.000481 seconds
Number of updated asset objects reloaded before import = 0
Number of asset objects unloaded after import = 0
========================================================================
Received Import Request.
  Time since last request: 3.307439 seconds.
  path: Assets/_Scenes/Choices_S11/S_11_02.unity
  artifactKey: Guid(da238134d50999d4f98f313edb6804d9) Importer(815301076,1909f56bfc062723c751e8b465ee728b)
Start importing Assets/_Scenes/Choices_S11/S_11_02.unity using Guid(da238134d50999d4f98f313edb6804d9) Importer(815301076,1909f56bfc062723c751e8b465ee728b)  -> (artifact id: '0898055bee5f1ad492b243308ef545c5') in 0.000457 seconds
Number of updated asset objects reloaded before import = 0
Number of asset objects unloaded after import = 0
========================================================================
Received Import Request.
  Time since last request: 3.391137 seconds.
  path: Assets/_Scenes/Choices_S12/S_10.unity
  artifactKey: Guid(b666514801c062f46873c296eb7c3890) Importer(815301076,1909f56bfc062723c751e8b465ee728b)
Start importing Assets/_Scenes/Choices_S12/S_10.unity using Guid(b666514801c062f46873c296eb7c3890) Importer(815301076,1909f56bfc062723c751e8b465ee728b)  -> (artifact id: '29be0bc0aa24236df3e12b1c58eecc07') in 0.000580 seconds
Number of updated asset objects reloaded before import = 0
Number of asset objects unloaded after import = 0
========================================================================
Received Import Request.
  Time since last request: 3.762735 seconds.
  path: Assets/_Scenes/Choices_S12/S_12.unity
  artifactKey: Guid(b666514801c062f46873c296eb7c3890) Importer(815301076,1909f56bfc062723c751e8b465ee728b)
Start importing Assets/_Scenes/Choices_S12/S_12.unity using Guid(b666514801c062f46873c296eb7c3890) Importer(815301076,1909f56bfc062723c751e8b465ee728b)  -> (artifact id: 'fdc656be6469b118af879d9c1c4017e2') in 0.000448 seconds
Number of updated asset objects reloaded before import = 0
Number of asset objects unloaded after import = 0
========================================================================
Received Import Request.
  Time since last request: 0.783698 seconds.
  path: Assets/_Scenes/Choices_S12/S_10_01.unity
  artifactKey: Guid(b55f44a27f977c24e83fd27e57e01816) Importer(815301076,1909f56bfc062723c751e8b465ee728b)
Start importing Assets/_Scenes/Choices_S12/S_10_01.unity using Guid(b55f44a27f977c24e83fd27e57e01816) Importer(815301076,1909f56bfc062723c751e8b465ee728b)  -> (artifact id: 'ccdaadece1cb122817dddae2c8b4a69a') in 0.000806 seconds
Number of updated asset objects reloaded before import = 0
Number of asset objects unloaded after import = 0
========================================================================
Received Import Request.
  Time since last request: 2.086982 seconds.
  path: Assets/_Scenes/Choices_S12/S_12_01.unity
  artifactKey: Guid(b55f44a27f977c24e83fd27e57e01816) Importer(815301076,1909f56bfc062723c751e8b465ee728b)
Start importing Assets/_Scenes/Choices_S12/S_12_01.unity using Guid(b55f44a27f977c24e83fd27e57e01816) Importer(815301076,1909f56bfc062723c751e8b465ee728b)  -> (artifact id: 'a1bde20459d32479c64167a39388cca1') in 0.000440 seconds
Number of updated asset objects reloaded before import = 0
Number of asset objects unloaded after import = 0
========================================================================
Received Import Request.
  Time since last request: 0.617273 seconds.
  path: Assets/_Scenes/Choices_S12/S_10_02.unity
  artifactKey: Guid(7da7a088f235ede40995655b71b4273c) Importer(815301076,1909f56bfc062723c751e8b465ee728b)
Start importing Assets/_Scenes/Choices_S12/S_10_02.unity using Guid(7da7a088f235ede40995655b71b4273c) Importer(815301076,1909f56bfc062723c751e8b465ee728b)  -> (artifact id: '64c981ae591bfc82306f55502f2127ba') in 0.000783 seconds
Number of updated asset objects reloaded before import = 0
Number of asset objects unloaded after import = 0
========================================================================
Received Import Request.
  Time since last request: 2.367603 seconds.
  path: Assets/_Scenes/Choices_S12/S_12_02.unity
  artifactKey: Guid(7da7a088f235ede40995655b71b4273c) Importer(815301076,1909f56bfc062723c751e8b465ee728b)
Start importing Assets/_Scenes/Choices_S12/S_12_02.unity using Guid(7da7a088f235ede40995655b71b4273c) Importer(815301076,1909f56bfc062723c751e8b465ee728b)  -> (artifact id: '804986547e3572a0044b6e716b7d5473') in 0.000455 seconds
Number of updated asset objects reloaded before import = 0
Number of asset objects unloaded after import = 0
========================================================================
Received Import Request.
  Time since last request: 4457.644777 seconds.
  path: Assets/_Scenes/Choices_S13/S_01.unity
  artifactKey: Guid(e637b1a663bc1e941b6d0841f2af5b64) Importer(815301076,1909f56bfc062723c751e8b465ee728b)
Start importing Assets/_Scenes/Choices_S13/S_01.unity using Guid(e637b1a663bc1e941b6d0841f2af5b64) Importer(815301076,1909f56bfc062723c751e8b465ee728b)  -> (artifact id: '0d6c9e327177e95a45e5af168b531371') in 0.000501 seconds
Number of updated asset objects reloaded before import = 0
Number of asset objects unloaded after import = 0
========================================================================
Received Import Request.
  Time since last request: 8.432666 seconds.
  path: Assets/_Scenes/Choices_S13/S_13.unity
  artifactKey: Guid(e637b1a663bc1e941b6d0841f2af5b64) Importer(815301076,1909f56bfc062723c751e8b465ee728b)
Start importing Assets/_Scenes/Choices_S13/S_13.unity using Guid(e637b1a663bc1e941b6d0841f2af5b64) Importer(815301076,1909f56bfc062723c751e8b465ee728b)  -> (artifact id: '68d0d0b6d39f93ed2f7da4afbf148d14') in 0.000535 seconds
Number of updated asset objects reloaded before import = 0
Number of asset objects unloaded after import = 0
========================================================================
Received Import Request.
  Time since last request: 0.863941 seconds.
  path: Assets/_Scenes/Choices_S13/S_01_01.unity
  artifactKey: Guid(380a5df8f7022384497c7fda50e1d164) Importer(815301076,1909f56bfc062723c751e8b465ee728b)
Start importing Assets/_Scenes/Choices_S13/S_01_01.unity using Guid(380a5df8f7022384497c7fda50e1d164) Importer(815301076,1909f56bfc062723c751e8b465ee728b)  -> (artifact id: '3c31c3c0967484fadbba015638447340') in 0.000619 seconds
Number of updated asset objects reloaded before import = 0
Number of asset objects unloaded after import = 0
========================================================================
Received Import Request.
  Time since last request: 4.905084 seconds.
  path: Assets/_Scenes/Choices_S13/S_13_01.unity
  artifactKey: Guid(380a5df8f7022384497c7fda50e1d164) Importer(815301076,1909f56bfc062723c751e8b465ee728b)
Start importing Assets/_Scenes/Choices_S13/S_13_01.unity using Guid(380a5df8f7022384497c7fda50e1d164) Importer(815301076,1909f56bfc062723c751e8b465ee728b)  -> (artifact id: '0cd9f4774867ed93787ee35d419ba2df') in 0.000432 seconds
Number of updated asset objects reloaded before import = 0
Number of asset objects unloaded after import = 0
========================================================================
Received Import Request.
  Time since last request: 0.793630 seconds.
  path: Assets/_Scenes/Choices_S13/S_01_02.unity
  artifactKey: Guid(2808d193c4f532b45bfb41ee13ba3e9a) Importer(815301076,1909f56bfc062723c751e8b465ee728b)
Start importing Assets/_Scenes/Choices_S13/S_01_02.unity using Guid(2808d193c4f532b45bfb41ee13ba3e9a) Importer(815301076,1909f56bfc062723c751e8b465ee728b)  -> (artifact id: '8f9e97cdbe7185734644ea386c21e4a1') in 0.000389 seconds
Number of updated asset objects reloaded before import = 0
Number of asset objects unloaded after import = 0
========================================================================
Received Import Request.
  Time since last request: 4.553451 seconds.
  path: Assets/_Scenes/Choices_S13/S_13_02.unity
  artifactKey: Guid(2808d193c4f532b45bfb41ee13ba3e9a) Importer(815301076,1909f56bfc062723c751e8b465ee728b)
Start importing Assets/_Scenes/Choices_S13/S_13_02.unity using Guid(2808d193c4f532b45bfb41ee13ba3e9a) Importer(815301076,1909f56bfc062723c751e8b465ee728b)  -> (artifact id: '22b48b2a1121b51dacd5884001190497') in 0.000684 seconds
Number of updated asset objects reloaded before import = 0
Number of asset objects unloaded after import = 0
========================================================================
Received Import Request.
  Time since last request: 2.529404 seconds.
  path: Assets/_Scenes/Choices_S14/S_01.unity
  artifactKey: Guid(e373b7cae53438246becc8733db5fdcd) Importer(815301076,1909f56bfc062723c751e8b465ee728b)
Start importing Assets/_Scenes/Choices_S14/S_01.unity using Guid(e373b7cae53438246becc8733db5fdcd) Importer(815301076,1909f56bfc062723c751e8b465ee728b)  -> (artifact id: 'e0fc24f8ec15a1b0aa97007b5dc4e7d3') in 0.000514 seconds
Number of updated asset objects reloaded before import = 0
Number of asset objects unloaded after import = 0
========================================================================
Received Import Request.
  Time since last request: 7.483588 seconds.
  path: Assets/_Scenes/Choices_S14/S_14.unity
  artifactKey: Guid(e373b7cae53438246becc8733db5fdcd) Importer(815301076,1909f56bfc062723c751e8b465ee728b)
Start importing Assets/_Scenes/Choices_S14/S_14.unity using Guid(e373b7cae53438246becc8733db5fdcd) Importer(815301076,1909f56bfc062723c751e8b465ee728b)  -> (artifact id: '69e87c16f3c2098fc574cb0154c33c1d') in 0.000615 seconds
Number of updated asset objects reloaded before import = 0
Number of asset objects unloaded after import = 0
========================================================================
Received Import Request.
  Time since last request: 0.761772 seconds.
  path: Assets/_Scenes/Choices_S14/S_01_01.unity
  artifactKey: Guid(b22be51c1f913b8438912f91f4fb10c4) Importer(815301076,1909f56bfc062723c751e8b465ee728b)
Start importing Assets/_Scenes/Choices_S14/S_01_01.unity using Guid(b22be51c1f913b8438912f91f4fb10c4) Importer(815301076,1909f56bfc062723c751e8b465ee728b)  -> (artifact id: '56cce08399c88c52bdb86459ed280b9d') in 0.000400 seconds
Number of updated asset objects reloaded before import = 0
Number of asset objects unloaded after import = 0
========================================================================
Received Import Request.
  Time since last request: 4.762241 seconds.
  path: Assets/_Scenes/Choices_S14/S_14_01.unity
  artifactKey: Guid(b22be51c1f913b8438912f91f4fb10c4) Importer(815301076,1909f56bfc062723c751e8b465ee728b)
Start importing Assets/_Scenes/Choices_S14/S_14_01.unity using Guid(b22be51c1f913b8438912f91f4fb10c4) Importer(815301076,1909f56bfc062723c751e8b465ee728b)  -> (artifact id: 'c089c704bbc4f7cedd5c91469c7eb93c') in 0.000459 seconds
Number of updated asset objects reloaded before import = 0
Number of asset objects unloaded after import = 0
========================================================================
Received Import Request.
  Time since last request: 181.339899 seconds.
  path: Assets/_Scenes/Choices_S14/S_01_02.unity
  artifactKey: Guid(371ff2e3eafc6174589503439c1da9d2) Importer(815301076,1909f56bfc062723c751e8b465ee728b)
Start importing Assets/_Scenes/Choices_S14/S_01_02.unity using Guid(371ff2e3eafc6174589503439c1da9d2) Importer(815301076,1909f56bfc062723c751e8b465ee728b)  -> (artifact id: '508e40530a9036c0dbe75bf653907918') in 0.000735 seconds
Number of updated asset objects reloaded before import = 0
Number of asset objects unloaded after import = 0
========================================================================
Received Import Request.
  Time since last request: 3.606963 seconds.
  path: Assets/_Scenes/Choices_S14/S_ๅภ_02.unity
  artifactKey: Guid(371ff2e3eafc6174589503439c1da9d2) Importer(815301076,1909f56bfc062723c751e8b465ee728b)
Start importing Assets/_Scenes/Choices_S14/S_ๅภ_02.unity using Guid(371ff2e3eafc6174589503439c1da9d2) Importer(815301076,1909f56bfc062723c751e8b465ee728b)  -> (artifact id: 'dcf1ec61dc76138625f023f03ccfb4cd') in 0.000671 seconds
Number of updated asset objects reloaded before import = 0
Number of asset objects unloaded after import = 0
========================================================================
Received Import Request.
  Time since last request: 4.823043 seconds.
  path: Assets/_Scenes/Choices_S14/S_14_02.unity
  artifactKey: Guid(371ff2e3eafc6174589503439c1da9d2) Importer(815301076,1909f56bfc062723c751e8b465ee728b)
Start importing Assets/_Scenes/Choices_S14/S_14_02.unity using Guid(371ff2e3eafc6174589503439c1da9d2) Importer(815301076,1909f56bfc062723c751e8b465ee728b)  -> (artifact id: '44b6bcac41dec09f7c5b5c949da8c8ee') in 0.000659 seconds
Number of updated asset objects reloaded before import = 0
Number of asset objects unloaded after import = 0
========================================================================
Received Import Request.
  Time since last request: 383.200687 seconds.
  path: Assets/_Scenes/Choices_S15/S_14.unity
  artifactKey: Guid(a87a5f450864f2e47986e9a525460443) Importer(815301076,1909f56bfc062723c751e8b465ee728b)
Start importing Assets/_Scenes/Choices_S15/S_14.unity using Guid(a87a5f450864f2e47986e9a525460443) Importer(815301076,1909f56bfc062723c751e8b465ee728b)  -> (artifact id: '5380b4fbb253ecb2336827f000945c49') in 0.000711 seconds
Number of updated asset objects reloaded before import = 0
Number of asset objects unloaded after import = 0
========================================================================
Received Import Request.
  Time since last request: 12.790449 seconds.
  path: Assets/_Scenes/Choices_S15/S_15.unity
  artifactKey: Guid(a87a5f450864f2e47986e9a525460443) Importer(815301076,1909f56bfc062723c751e8b465ee728b)
Start importing Assets/_Scenes/Choices_S15/S_15.unity using Guid(a87a5f450864f2e47986e9a525460443) Importer(815301076,1909f56bfc062723c751e8b465ee728b)  -> (artifact id: '78608a0093db6351188b2d517a7c8b45') in 0.000632 seconds
Number of updated asset objects reloaded before import = 0
Number of asset objects unloaded after import = 0
========================================================================
Received Import Request.
  Time since last request: 0.865691 seconds.
  path: Assets/_Scenes/Choices_S15/S_14_01.unity
  artifactKey: Guid(4043a2cdf97627c4bb5cc9e6c4939901) Importer(815301076,1909f56bfc062723c751e8b465ee728b)
Start importing Assets/_Scenes/Choices_S15/S_14_01.unity using Guid(4043a2cdf97627c4bb5cc9e6c4939901) Importer(815301076,1909f56bfc062723c751e8b465ee728b)  -> (artifact id: 'c9a54b27e603c90efc719447482ff5a3') in 0.000552 seconds
Number of updated asset objects reloaded before import = 0
Number of asset objects unloaded after import = 0
========================================================================
Received Import Request.
  Time since last request: 3.885863 seconds.
  path: Assets/_Scenes/Choices_S15/S_15_01.unity
  artifactKey: Guid(4043a2cdf97627c4bb5cc9e6c4939901) Importer(815301076,1909f56bfc062723c751e8b465ee728b)
Start importing Assets/_Scenes/Choices_S15/S_15_01.unity using Guid(4043a2cdf97627c4bb5cc9e6c4939901) Importer(815301076,1909f56bfc062723c751e8b465ee728b)  -> (artifact id: 'fcc76ff3b3c3e0002d75b4cb0de1f421') in 0.000394 seconds
Number of updated asset objects reloaded before import = 0
Number of asset objects unloaded after import = 0
========================================================================
Received Import Request.
  Time since last request: 0.621430 seconds.
  path: Assets/_Scenes/Choices_S15/S_14_02.unity
  artifactKey: Guid(9e48191f1c754a14486f734aaf33e255) Importer(815301076,1909f56bfc062723c751e8b465ee728b)
Start importing Assets/_Scenes/Choices_S15/S_14_02.unity using Guid(9e48191f1c754a14486f734aaf33e255) Importer(815301076,1909f56bfc062723c751e8b465ee728b)  -> (artifact id: '8d0e01d9fc3c7ba0563ee0e165646fec') in 0.000441 seconds
Number of updated asset objects reloaded before import = 0
Number of asset objects unloaded after import = 0
========================================================================
Received Import Request.
  Time since last request: 2.956177 seconds.
  path: Assets/_Scenes/Choices_S15/S_15_02.unity
  artifactKey: Guid(9e48191f1c754a14486f734aaf33e255) Importer(815301076,1909f56bfc062723c751e8b465ee728b)
Start importing Assets/_Scenes/Choices_S15/S_15_02.unity using Guid(9e48191f1c754a14486f734aaf33e255) Importer(815301076,1909f56bfc062723c751e8b465ee728b)  -> (artifact id: '63bd507309a20834d7c5827b2ccb9517') in 0.000554 seconds
Number of updated asset objects reloaded before import = 0
Number of asset objects unloaded after import = 0
========================================================================
Received Import Request.
  Time since last request: 2.306121 seconds.
  path: Assets/_Scenes/Choices_S16/S_14.unity
  artifactKey: Guid(7058957f5c9d98c459dca2413fb551f5) Importer(815301076,1909f56bfc062723c751e8b465ee728b)
Start importing Assets/_Scenes/Choices_S16/S_14.unity using Guid(7058957f5c9d98c459dca2413fb551f5) Importer(815301076,1909f56bfc062723c751e8b465ee728b)  -> (artifact id: 'ce2ebf095ae6f0e4f48bd2375cf498ce') in 0.000700 seconds
Number of updated asset objects reloaded before import = 0
Number of asset objects unloaded after import = 0
========================================================================
Received Import Request.
  Time since last request: 6.690422 seconds.
  path: Assets/_Scenes/Choices_S16/S_16.unity
  artifactKey: Guid(7058957f5c9d98c459dca2413fb551f5) Importer(815301076,1909f56bfc062723c751e8b465ee728b)
Start importing Assets/_Scenes/Choices_S16/S_16.unity using Guid(7058957f5c9d98c459dca2413fb551f5) Importer(815301076,1909f56bfc062723c751e8b465ee728b)  -> (artifact id: '07a06d1c849b5d31710ac1a6957526e8') in 0.000443 seconds
Number of updated asset objects reloaded before import = 0
Number of asset objects unloaded after import = 0
========================================================================
Received Import Request.
  Time since last request: 0.745748 seconds.
  path: Assets/_Scenes/Choices_S16/S_14_01.unity
  artifactKey: Guid(1b71d6730e849924eb832ceff806e2eb) Importer(815301076,1909f56bfc062723c751e8b465ee728b)
Start importing Assets/_Scenes/Choices_S16/S_14_01.unity using Guid(1b71d6730e849924eb832ceff806e2eb) Importer(815301076,1909f56bfc062723c751e8b465ee728b)  -> (artifact id: 'fcca8f541402600a6899263410e5359f') in 0.000873 seconds
Number of updated asset objects reloaded before import = 0
Number of asset objects unloaded after import = 0
========================================================================
Received Import Request.
  Time since last request: 2.103715 seconds.
  path: Assets/_Scenes/Choices_S16/S_16_01.unity
  artifactKey: Guid(1b71d6730e849924eb832ceff806e2eb) Importer(815301076,1909f56bfc062723c751e8b465ee728b)
Start importing Assets/_Scenes/Choices_S16/S_16_01.unity using Guid(1b71d6730e849924eb832ceff806e2eb) Importer(815301076,1909f56bfc062723c751e8b465ee728b)  -> (artifact id: '94d9c18b796b516210de9bc9a61db5de') in 0.000429 seconds
Number of updated asset objects reloaded before import = 0
Number of asset objects unloaded after import = 0
========================================================================
Received Import Request.
  Time since last request: 0.568681 seconds.
  path: Assets/_Scenes/Choices_S16/S_14_02.unity
  artifactKey: Guid(b886105bca294af4c9d6a0a77eeeede2) Importer(815301076,1909f56bfc062723c751e8b465ee728b)
Start importing Assets/_Scenes/Choices_S16/S_14_02.unity using Guid(b886105bca294af4c9d6a0a77eeeede2) Importer(815301076,1909f56bfc062723c751e8b465ee728b)  -> (artifact id: 'cd78c0093b225d21b1d2b970bd86534e') in 0.000485 seconds
Number of updated asset objects reloaded before import = 0
Number of asset objects unloaded after import = 0
========================================================================
Received Import Request.
  Time since last request: 2.494332 seconds.
  path: Assets/_Scenes/Choices_S16/S_16_02.unity
  artifactKey: Guid(b886105bca294af4c9d6a0a77eeeede2) Importer(815301076,1909f56bfc062723c751e8b465ee728b)
Start importing Assets/_Scenes/Choices_S16/S_16_02.unity using Guid(b886105bca294af4c9d6a0a77eeeede2) Importer(815301076,1909f56bfc062723c751e8b465ee728b)  -> (artifact id: '64875133f418cc788523a5994c0259c3') in 0.000499 seconds
Number of updated asset objects reloaded before import = 0
Number of asset objects unloaded after import = 0
========================================================================
Received Import Request.
  Time since last request: 2.305121 seconds.
  path: Assets/_Scenes/Choices_S17/S_14.unity
  artifactKey: Guid(f14dc2ede3d3e8d4e8d3d2fbaeee7e3b) Importer(815301076,1909f56bfc062723c751e8b465ee728b)
Start importing Assets/_Scenes/Choices_S17/S_14.unity using Guid(f14dc2ede3d3e8d4e8d3d2fbaeee7e3b) Importer(815301076,1909f56bfc062723c751e8b465ee728b)  -> (artifact id: 'cfca461b4ec8f926aab41fc825ab92aa') in 0.000493 seconds
Number of updated asset objects reloaded before import = 0
Number of asset objects unloaded after import = 0
========================================================================
Received Import Request.
  Time since last request: 5.262247 seconds.
  path: Assets/_Scenes/Choices_S17/S_17.unity
  artifactKey: Guid(f14dc2ede3d3e8d4e8d3d2fbaeee7e3b) Importer(815301076,1909f56bfc062723c751e8b465ee728b)
Start importing Assets/_Scenes/Choices_S17/S_17.unity using Guid(f14dc2ede3d3e8d4e8d3d2fbaeee7e3b) Importer(815301076,1909f56bfc062723c751e8b465ee728b)  -> (artifact id: '5358773cc86cbca08b753ebd39cbf442') in 0.000486 seconds
Number of updated asset objects reloaded before import = 0
Number of asset objects unloaded after import = 0
========================================================================
Received Import Request.
  Time since last request: 0.608677 seconds.
  path: Assets/_Scenes/Choices_S17/S_14_01.unity
  artifactKey: Guid(e971610d6ea6f424ea86819004275e9c) Importer(815301076,1909f56bfc062723c751e8b465ee728b)
Start importing Assets/_Scenes/Choices_S17/S_14_01.unity using Guid(e971610d6ea6f424ea86819004275e9c) Importer(815301076,1909f56bfc062723c751e8b465ee728b)  -> (artifact id: '829b7dc7d021f34f6df6f0a155c7d492') in 0.000413 seconds
Number of updated asset objects reloaded before import = 0
Number of asset objects unloaded after import = 0
========================================================================
Received Import Request.
  Time since last request: 2.799816 seconds.
  path: Assets/_Scenes/Choices_S17/S_17_01.unity
  artifactKey: Guid(e971610d6ea6f424ea86819004275e9c) Importer(815301076,1909f56bfc062723c751e8b465ee728b)
Start importing Assets/_Scenes/Choices_S17/S_17_01.unity using Guid(e971610d6ea6f424ea86819004275e9c) Importer(815301076,1909f56bfc062723c751e8b465ee728b)  -> (artifact id: '48c89efe1447a041102b9cd07b05645a') in 0.000500 seconds
Number of updated asset objects reloaded before import = 0
Number of asset objects unloaded after import = 0
========================================================================
Received Import Request.
  Time since last request: 0.521025 seconds.
  path: Assets/_Scenes/Choices_S17/S_14_02.unity
  artifactKey: Guid(f0b34cd6e0a628a49a9e947c43bb0bc6) Importer(815301076,1909f56bfc062723c751e8b465ee728b)
Start importing Assets/_Scenes/Choices_S17/S_14_02.unity using Guid(f0b34cd6e0a628a49a9e947c43bb0bc6) Importer(815301076,1909f56bfc062723c751e8b465ee728b)  -> (artifact id: 'dee3612e7957de726124f8855a6079fc') in 0.000659 seconds
Number of updated asset objects reloaded before import = 0
Number of asset objects unloaded after import = 0
========================================================================
Received Import Request.
  Time since last request: 2.524382 seconds.
  path: Assets/_Scenes/Choices_S17/S_17_02.unity
  artifactKey: Guid(f0b34cd6e0a628a49a9e947c43bb0bc6) Importer(815301076,1909f56bfc062723c751e8b465ee728b)
Start importing Assets/_Scenes/Choices_S17/S_17_02.unity using Guid(f0b34cd6e0a628a49a9e947c43bb0bc6) Importer(815301076,1909f56bfc062723c751e8b465ee728b)  -> (artifact id: '07f239e38a9f772ea414ef2ab9fcb5f2') in 0.000431 seconds
Number of updated asset objects reloaded before import = 0
Number of asset objects unloaded after import = 0
========================================================================
Received Import Request.
  Time since last request: 2.041521 seconds.
  path: Assets/_Scenes/Choices_S18/S_14.unity
  artifactKey: Guid(e268cd8370fe80747af6e081f201e6ea) Importer(815301076,1909f56bfc062723c751e8b465ee728b)
Start importing Assets/_Scenes/Choices_S18/S_14.unity using Guid(e268cd8370fe80747af6e081f201e6ea) Importer(815301076,1909f56bfc062723c751e8b465ee728b)  -> (artifact id: '522835027da7b3a622967bcd3cd7cdfc') in 0.000428 seconds
Number of updated asset objects reloaded before import = 0
Number of asset objects unloaded after import = 0
========================================================================
Received Import Request.
  Time since last request: 4.632576 seconds.
  path: Assets/_Scenes/Choices_S18/S_18.unity
  artifactKey: Guid(e268cd8370fe80747af6e081f201e6ea) Importer(815301076,1909f56bfc062723c751e8b465ee728b)
Start importing Assets/_Scenes/Choices_S18/S_18.unity using Guid(e268cd8370fe80747af6e081f201e6ea) Importer(815301076,1909f56bfc062723c751e8b465ee728b)  -> (artifact id: '69fb415bcba22a6d5dfd8d16ea636773') in 0.000443 seconds
Number of updated asset objects reloaded before import = 0
Number of asset objects unloaded after import = 0
========================================================================
Received Import Request.
  Time since last request: 0.604786 seconds.
  path: Assets/_Scenes/Choices_S18/S_14_01.unity
  artifactKey: Guid(bbbaf3088ba81a645a0db8f4854859f0) Importer(815301076,1909f56bfc062723c751e8b465ee728b)
Start importing Assets/_Scenes/Choices_S18/S_14_01.unity using Guid(bbbaf3088ba81a645a0db8f4854859f0) Importer(815301076,1909f56bfc062723c751e8b465ee728b)  -> (artifact id: 'aec465aac3bfb1de01a0113e0aa0d70e') in 0.000582 seconds
Number of updated asset objects reloaded before import = 0
Number of asset objects unloaded after import = 0
========================================================================
Received Import Request.
  Time since last request: 1.969538 seconds.
  path: Assets/_Scenes/Choices_S18/S_18_01.unity
  artifactKey: Guid(bbbaf3088ba81a645a0db8f4854859f0) Importer(815301076,1909f56bfc062723c751e8b465ee728b)
Start importing Assets/_Scenes/Choices_S18/S_18_01.unity using Guid(bbbaf3088ba81a645a0db8f4854859f0) Importer(815301076,1909f56bfc062723c751e8b465ee728b)  -> (artifact id: 'f406b93c415bb914480aebe73b3d9439') in 0.000420 seconds
Number of updated asset objects reloaded before import = 0
Number of asset objects unloaded after import = 0
========================================================================
Received Import Request.
  Time since last request: 0.553049 seconds.
  path: Assets/_Scenes/Choices_S18/S_14_02.unity
  artifactKey: Guid(7d3593826864fcc43a36490e432b0bc9) Importer(815301076,1909f56bfc062723c751e8b465ee728b)
Start importing Assets/_Scenes/Choices_S18/S_14_02.unity using Guid(7d3593826864fcc43a36490e432b0bc9) Importer(815301076,1909f56bfc062723c751e8b465ee728b)  -> (artifact id: '9e22d062f7dda53fa06f99ac2f72422d') in 0.000443 seconds
Number of updated asset objects reloaded before import = 0
Number of asset objects unloaded after import = 0
========================================================================
Received Import Request.
  Time since last request: 1.915271 seconds.
  path: Assets/_Scenes/Choices_S18/S_18_02.unity
  artifactKey: Guid(7d3593826864fcc43a36490e432b0bc9) Importer(815301076,1909f56bfc062723c751e8b465ee728b)
Start importing Assets/_Scenes/Choices_S18/S_18_02.unity using Guid(7d3593826864fcc43a36490e432b0bc9) Importer(815301076,1909f56bfc062723c751e8b465ee728b)  -> (artifact id: '5fa221ec0e0f6e19dc1eec37970601e1') in 0.000554 seconds
Number of updated asset objects reloaded before import = 0
Number of asset objects unloaded after import = 0
========================================================================
Received Import Request.
  Time since last request: 2.731061 seconds.
  path: Assets/_Scenes/Choices_S19/S_14.unity
  artifactKey: Guid(f89d0d03512bfcb48b25174cfdd9f814) Importer(815301076,1909f56bfc062723c751e8b465ee728b)
Start importing Assets/_Scenes/Choices_S19/S_14.unity using Guid(f89d0d03512bfcb48b25174cfdd9f814) Importer(815301076,1909f56bfc062723c751e8b465ee728b)  -> (artifact id: '96206fc28f54114f6c03fda7eeb20659') in 0.000428 seconds
Number of updated asset objects reloaded before import = 0
Number of asset objects unloaded after import = 0
========================================================================
Received Import Request.
  Time since last request: 3.874736 seconds.
  path: Assets/_Scenes/Choices_S19/S_19.unity
  artifactKey: Guid(f89d0d03512bfcb48b25174cfdd9f814) Importer(815301076,1909f56bfc062723c751e8b465ee728b)
Start importing Assets/_Scenes/Choices_S19/S_19.unity using Guid(f89d0d03512bfcb48b25174cfdd9f814) Importer(815301076,1909f56bfc062723c751e8b465ee728b)  -> (artifact id: 'c839ec76733f9f927ba1f142183bae99') in 0.000453 seconds
Number of updated asset objects reloaded before import = 0
Number of asset objects unloaded after import = 0
========================================================================
Received Import Request.
  Time since last request: 0.514368 seconds.
  path: Assets/_Scenes/Choices_S19/S_14_01.unity
  artifactKey: Guid(d7691121ab2e9b94a9f5b468fd353231) Importer(815301076,1909f56bfc062723c751e8b465ee728b)
Start importing Assets/_Scenes/Choices_S19/S_14_01.unity using Guid(d7691121ab2e9b94a9f5b468fd353231) Importer(815301076,1909f56bfc062723c751e8b465ee728b)  -> (artifact id: '501121f82c5f2466e03f6e984235c3e0') in 0.000401 seconds
Number of updated asset objects reloaded before import = 0
Number of asset objects unloaded after import = 0
========================================================================
Received Import Request.
  Time since last request: 3.159778 seconds.
  path: Assets/_Scenes/Choices_S19/S_19_01.unity
  artifactKey: Guid(d7691121ab2e9b94a9f5b468fd353231) Importer(815301076,1909f56bfc062723c751e8b465ee728b)
Start importing Assets/_Scenes/Choices_S19/S_19_01.unity using Guid(d7691121ab2e9b94a9f5b468fd353231) Importer(815301076,1909f56bfc062723c751e8b465ee728b)  -> (artifact id: 'dbe5862e0c1602637f9080ab065af10d') in 0.000418 seconds
Number of updated asset objects reloaded before import = 0
Number of asset objects unloaded after import = 0
========================================================================
Received Import Request.
  Time since last request: 0.566856 seconds.
  path: Assets/_Scenes/Choices_S19/S_14_02.unity
  artifactKey: Guid(881d5d5de472b9a4f93140d7cf5fe305) Importer(815301076,1909f56bfc062723c751e8b465ee728b)
Start importing Assets/_Scenes/Choices_S19/S_14_02.unity using Guid(881d5d5de472b9a4f93140d7cf5fe305) Importer(815301076,1909f56bfc062723c751e8b465ee728b)  -> (artifact id: 'ee8274a13681b28f646dcf0c5a043a54') in 0.000882 seconds
Number of updated asset objects reloaded before import = 0
Number of asset objects unloaded after import = 0
========================================================================
Received Import Request.
  Time since last request: 2.000992 seconds.
  path: Assets/_Scenes/Choices_S19/S_19_02.unity
  artifactKey: Guid(881d5d5de472b9a4f93140d7cf5fe305) Importer(815301076,1909f56bfc062723c751e8b465ee728b)
Start importing Assets/_Scenes/Choices_S19/S_19_02.unity using Guid(881d5d5de472b9a4f93140d7cf5fe305) Importer(815301076,1909f56bfc062723c751e8b465ee728b)  -> (artifact id: '2c5baa06671c3c4b0f417cc69b5a20a2') in 0.000611 seconds
Number of updated asset objects reloaded before import = 0
Number of asset objects unloaded after import = 0
========================================================================
Received Import Request.
  Time since last request: 1.953614 seconds.
  path: Assets/_Scenes/Choices_S20/S_14.unity
  artifactKey: Guid(8c8b8bf787708e4449e8c0456ad9c0ff) Importer(815301076,1909f56bfc062723c751e8b465ee728b)
Start importing Assets/_Scenes/Choices_S20/S_14.unity using Guid(8c8b8bf787708e4449e8c0456ad9c0ff) Importer(815301076,1909f56bfc062723c751e8b465ee728b)  -> (artifact id: '410ed9dc9f5cc687d3e133e8a2a7b240') in 0.000477 seconds
Number of updated asset objects reloaded before import = 0
Number of asset objects unloaded after import = 0
========================================================================
Received Import Request.
  Time since last request: 0.708899 seconds.
  path: Assets/_Scenes/Choices_S20/S_14_01.unity
  artifactKey: Guid(920778e0daafd9d4586cb81224906575) Importer(815301076,1909f56bfc062723c751e8b465ee728b)
Start importing Assets/_Scenes/Choices_S20/S_14_01.unity using Guid(920778e0daafd9d4586cb81224906575) Importer(815301076,1909f56bfc062723c751e8b465ee728b)  -> (artifact id: 'c21c6d1512c18603aa52abe5a276fd29') in 0.000481 seconds
Number of updated asset objects reloaded before import = 0
Number of asset objects unloaded after import = 0
========================================================================
Received Import Request.
  Time since last request: 4.404859 seconds.
  path: Assets/_Scenes/Choices_S20/S_20.unity
  artifactKey: Guid(8c8b8bf787708e4449e8c0456ad9c0ff) Importer(815301076,1909f56bfc062723c751e8b465ee728b)
Start importing Assets/_Scenes/Choices_S20/S_20.unity using Guid(8c8b8bf787708e4449e8c0456ad9c0ff) Importer(815301076,1909f56bfc062723c751e8b465ee728b)  -> (artifact id: '85638f5c3db3fc4b45d9a2ad240ab6b3') in 0.000456 seconds
Number of updated asset objects reloaded before import = 0
Number of asset objects unloaded after import = 0
========================================================================
Received Import Request.
  Time since last request: 4.690105 seconds.
  path: Assets/_Scenes/Choices_S20/S_20_01.unity
  artifactKey: Guid(920778e0daafd9d4586cb81224906575) Importer(815301076,1909f56bfc062723c751e8b465ee728b)
Start importing Assets/_Scenes/Choices_S20/S_20_01.unity using Guid(920778e0daafd9d4586cb81224906575) Importer(815301076,1909f56bfc062723c751e8b465ee728b)  -> (artifact id: '5acf47dba2465138495a631403d45142') in 0.000475 seconds
Number of updated asset objects reloaded before import = 0
Number of asset objects unloaded after import = 0
========================================================================
Received Import Request.
  Time since last request: 0.605287 seconds.
  path: Assets/_Scenes/Choices_S20/S_14_02.unity
  artifactKey: Guid(3fd19f00f6e6bcd4fa9f1df5044c6918) Importer(815301076,1909f56bfc062723c751e8b465ee728b)
Start importing Assets/_Scenes/Choices_S20/S_14_02.unity using Guid(3fd19f00f6e6bcd4fa9f1df5044c6918) Importer(815301076,1909f56bfc062723c751e8b465ee728b)  -> (artifact id: '6907c23fe6ffd16032425d6daf6ce705') in 0.000436 seconds
Number of updated asset objects reloaded before import = 0
Number of asset objects unloaded after import = 0
========================================================================
Received Import Request.
  Time since last request: 5.689572 seconds.
  path: Assets/_Scenes/Choices_S20/S_20_02.unity
  artifactKey: Guid(3fd19f00f6e6bcd4fa9f1df5044c6918) Importer(815301076,1909f56bfc062723c751e8b465ee728b)
Start importing Assets/_Scenes/Choices_S20/S_20_02.unity using Guid(3fd19f00f6e6bcd4fa9f1df5044c6918) Importer(815301076,1909f56bfc062723c751e8b465ee728b)  -> (artifact id: '955b3c2af02c0c9e17fbb542df5e810f') in 0.000482 seconds
Number of updated asset objects reloaded before import = 0
Number of asset objects unloaded after import = 0
